### ISSUE TITLE
My party is trapped in A Small Rebellion. 

### ISSUE THREAD

**Issue by daerogami** [calref/cboe#111]
Trying to leave the scenario, even though I made it to the end, causes the game to crash, whether done by node, debug mode, or the Character Editor.

---
This is an item logged from the To-Do and was originally reported by (@CelticMinstrel?). If you are familiar with or can recreate this bug, please provide details here.

**Comment by CelticMinstrel** [comment]
Would be nice to have the save file from this. It might've been reported by Bain-Ihrno on the forums? If so I likely have the save file somewhere around actually...

**Comment by daerogami** [comment]
@CelticMinstrel Please attach it to this issue if you find it.

**Comment by CelticMinstrel** [comment]
[This](https://github.com/calref/cboe/files/1735215/Bain-Ihrno.One.zip) appears to be the save file in question. Note that in order to load it you need 1) commit 827e1b2a6 which I haven't yet pushed and 2) stealth.exs in the Blades of Exile Scenarios folder.

The stealth.exs file is in the repo under rsrc/legacy, so you should be able to just drag that in and load the file.

I tried this once, and it appears that there's access to an invalid instance of `cMonster`. I haven't dug any further than that yet.

**Comment by x-qq** [comment]
Confirmed segfault on linux amd64.

**Comment by x-qq** [comment]
Stack trace while using the provided save and stealth.exs from legacy dir:

```
Thread 1 "Blades of Exile" received signal SIGSEGV, Segmentation fault.
-----------------------------------------------------------------------------------------------------------------------[regs]
  RAX: 0x0000000000000020  RBX: 0x00007FFFFFFFB5F0  RCX: 0x00005555569C6100  RDX: 0x0000000000000000  o d I t s z a P c 
  RSI: 0x00007FFFFFFFA0A0  RDI: 0x0000000000000020  RBP: 0x00007FFFFFFFA110  RSP: 0x00007FFFFFFFA090  RIP: 0x000055555570E467
  R8 : 0x00005555569CC1F8  R9 : 0x0000000000000000  R10: 0x0000000000000002  R11: 0x0000555556527E00  R12: 0x000055555557CE10
  R13: 0x0000000000000000  R14: 0x0000000000000000  R15: 0x0000000000000000
  CS: 0033  DS: 0000  ES: 0000  FS: 0000  GS: 0000  SS: 002B				
-----------------------------------------------------------------------------------------------------------------------[code]
=> 0x55555570e467 <cUniverse::check_monst(cMonster&)+425>:	mov    eax,DWORD PTR [rax]
   0x55555570e469 <cUniverse::check_monst(cMonster&)+427>:	mov    edi,eax
   0x55555570e46b <cUniverse::check_monst(cMonster&)+429>:	call   0x5555555c4b12 <getMonstAbilCategory(eMonstAbil)>
   0x55555570e470 <cUniverse::check_monst(cMonster&)+434>:	cmp    eax,0x5
   0x55555570e473 <cUniverse::check_monst(cMonster&)+437>:	ja     0x55555570e64c <cUniverse::check_monst(cMonster&)+910>
   0x55555570e479 <cUniverse::check_monst(cMonster&)+443>:	mov    eax,eax
   0x55555570e47b <cUniverse::check_monst(cMonster&)+445>:	lea    rdx,[rax*4+0x0]
   0x55555570e483 <cUniverse::check_monst(cMonster&)+453>:	lea    rax,[rip+0x166e6a]        # 0x5555558752f4
-----------------------------------------------------------------------------------------------------------------------------
0x000055555570e467 in cUniverse::check_monst (this=0x55555598a5c0 <univ>, monst=...) at src/universe/universe.cpp:1005
1005			switch(getMonstAbilCategory(abil.first)) {
gdb$ bt full
#0  0x000055555570e467 in cUniverse::check_monst (this=0x55555598a5c0 <univ>, monst=...) at src/universe/universe.cpp:1005
        abil = {first = <error reading variable abil (Cannot access memory at address 0x20)>
        __for_range = std::map with 0 elements
        __for_begin = non-dereferenceable iterator for associative container
        __for_end = {first = eMonstAbil::NO_ABIL, second = {active = 0x0, missile = {active = 0x0, type = eMonstMissile::DART, pic = 0x0, dice = 0x0, sides = 0xff000088, skill = 0xff003399, range = 0xff3333cc, odds = 0xff3333cc}, gen = {active = 0x0, type = eMonstGen::RAY, pic = 0x0, strength = 0x0, range = 0xff000088, odds = 0xff003399, {dmg = -13421620, stat = -13421620, fld = 4281545676}}, summon = {active = 0x0, type = eMonstSummon::TYPE, what = 0x0, min = 0x0, max = 0xff000088, len = 0xff003399, chance = 0xff3333cc}, radiate = {active = 0x0, type = SPECIAL_EXPLORED, chance = 0x0, pat = PAT_SINGLE}, special = {active = 0x0, extra1 = 0x0, extra2 = 0x0, extra3 = 0x0}}}
#1  0x000055555570f304 in cUniverse::exportGraphics (this=0x55555598a5c0 <univ>) at src/universe/universe.cpp:1171
        monst = 0x2710
        __for_range = @0x55555598f730: {_M_elems = {0x67, 0x2710, 0x0, 0x67}}
        __for_begin = 0x55555598f732 <univ+20850>
        __for_end = 0x55555598f738 <univ+20856>
#2  0x000055555558216d in handle_victory () at build/obj/game/boe.actions.cpp:920
No locals.
#3  0x0000555555584938 in handle_action (event=...) at build/obj/game/boe.actions.cpp:1426
        s1 = 0x0
        s2 = 0x0
        s3 = 0x0
        item_hit = 0x0
        are_done = 0x0
        need_redraw = 0x1
        did_something = 0x1
        need_reprint = 0x0
        pc_delayed = 0x0
        cur_loc = {x = 0x58, y = 0x9}
        loc_in_sec = {x = 0x0, y = 0x0}
        cur_direction = {x = 0x0, y = 0xffffffff}
        button_hit = 0xc
        right_button = 0x0
        previous_mode = 3208677224
        world_screen = {top = 0x14, left = 0x20, bottom = 0x159, right = 0x11d}
        str = <incomplete type>
        the_point = {x = 0x95, y = 0x9b}
        point_in_area = {x = 0x0, y = 0x0}
#4  0x00005555555860ff in handle_keystroke (event=...) at build/obj/game/boe.actions.cpp:1680
        i = 0x8
        are_done = 0x0
        pass_point = {x = 0x12b, y = 0x136}
        sout = <incomplete type>
        keypad = {sf::Keyboard::Numpad0, sf::Keyboard::Numpad1, sf::Keyboard::Numpad2, sf::Keyboard::Numpad3, sf::Keyboard::Numpad4, sf::Keyboard::Numpad5, sf::Keyboard::Numpad6, sf::Keyboard::Numpad7, sf::Keyboard::Numpad8, sf::Keyboard::Numpad9}
        terrain_click = {{x = 0x96, y = 0xb9}, {x = 0x78, y = 0xd7}, {x = 0x96, y = 0xd7}, {x = 0xb4, y = 0xd7}, {x = 0x78, y = 0xb9}, {x = 0x96, y = 0xb9}, {x = 0xb4, y = 0xb9}, {x = 0x78, y = 0x9b}, {x = 0x96, y = 0x9b}, {x = 0xb4, y = 0x87}}
        talk_chars = {sf::Keyboard::L, sf::Keyboard::N, sf::Keyboard::J, sf::Keyboard::B, sf::Keyboard::S, sf::Keyboard::R, sf::Keyboard::D, sf::Keyboard::G, sf::Keyboard::A}
        shop_chars = {sf::Keyboard::A, sf::Keyboard::B, sf::Keyboard::C, sf::Keyboard::D, sf::Keyboard::E, sf::Keyboard::F, sf::Keyboard::G, sf::Keyboard::H}
        chr2 = sf::Keyboard::Numpad8
        pass_event = {type = sf::Event::MouseButtonPressed, {size = {width = 0x0, height = 0x12b}, key = {code = sf::Keyboard::A, alt = 0x2b, control = 0x1, shift = 0x0, system = 0x0}, text = {unicode = 0x0}, mouseMove = {x = 0x0, y = 0x12b}, mouseButton = {button = sf::Mouse::Left, x = 0x12b, y = 0x136}, mouseWheel = {delta = 0x0, x = 0x12b, y = 0x136}, mouseWheelScroll = {wheel = sf::Mouse::VerticalWheel, delta = 4.18988241e-43, x = 0x136, y = 0x0}, joystickMove = {joystickId = 0x0, axis = 299, position = 4.34402524e-43}, joystickButton = {joystickId = 0x0, button = 0x12b}, joystickConnect = {joystickId = 0x0}, touch = {finger = 0x0, x = 0x12b, y = 0x136}, sensor = {type = sf::Sensor::Accelerometer, x = 4.18988241e-43, y = 4.34402524e-43, z = 0}}}
        chr = 0xa2
#5  0x00005555556336e6 in Handle_One_Event () at build/obj/game/boe.main.cpp:257
        twentyTicks = 0x14d
        fortyTicks = 0x29a
#6  0x0000555555632bc0 in main (argc=0x1, argv=0x7fffffffde78) at build/obj/game/boe.main.cpp:137
        remaining_time_budget_in_us = 0x3091
        framerate_clock = {m_startTime = {static Zero = {static Zero = <same as static member of an already seen type>, m_microseconds = 0x0}, m_microseconds = 0xa0b41f36}}
        desired_microseconds_per_frame = 0x411a
gdb$ 
```

**Comment by x-qq** [comment]
After some debugging we have narrowed down the issue to processing of party's captured soul crystal monsters not looking at the correct monster (looking at scenario monster 10000 instead of looking at party.summons[0]. This should be fixable.

**Comment by CelticMinstrel** [comment]
Fixed in 9ec5e85cebb858d21e72fff5a03fa3b113885c90 and 32e8d85b820dc2468bd5e5d462ca3f4a5b8cc387 which will be pushed later today.
